<?xml version="1.0" encoding="UTF-8"?>
<testng-results skipped="0" failed="0" total="1" passed="1">
  <reporter-output>
  </reporter-output>
  <suite name="Default suite" duration-ms="69752" started-at="2016-06-08T16:40:04Z" finished-at="2016-06-08T16:41:13Z">
    <groups>
    </groups>
    <test name="Default test" duration-ms="69752" started-at="2016-06-08T16:40:04Z" finished-at="2016-06-08T16:41:13Z">
      <class name="com.calsoft.nexenta.vcp.SikuliTest">
        <test-method status="PASS" signature="setUp()[pri:0, instance:com.calsoft.nexenta.vcp.SikuliTest@68256894]" name="setUp" is-config="true" duration-ms="56004" started-at="2016-06-08T22:10:04Z" finished-at="2016-06-08T22:11:00Z">
          <reporter-output>
          </reporter-output>
        </test-method> <!-- setUp -->
        <test-method status="PASS" signature="testLogo()[pri:0, instance:com.calsoft.nexenta.vcp.SikuliTest@68256894]" name="testLogo" duration-ms="11438" started-at="2016-06-08T22:11:00Z" finished-at="2016-06-08T22:11:11Z">
          <reporter-output>
          </reporter-output>
        </test-method> <!-- testLogo -->
        <test-method status="PASS" signature="tearDown()[pri:0, instance:com.calsoft.nexenta.vcp.SikuliTest@68256894]" name="tearDown" is-config="true" duration-ms="2240" started-at="2016-06-08T22:11:11Z" finished-at="2016-06-08T22:11:13Z">
          <reporter-output>
          </reporter-output>
        </test-method> <!-- tearDown -->
      </class> <!-- com.calsoft.nexenta.vcp.SikuliTest -->
    </test> <!-- Default test -->
  </suite> <!-- Default suite -->
</testng-results>
